2024-03-12 00:21:38.299 | ERROR    | tools.redis_tools.my_redis:check_if_connectable:133 - redis can not connect
2024-03-12 00:21:38.299 | ERROR    | tools.redis_tools.my_redis:check_if_connectable:133 - redis can not connect
2024-03-12 00:22:01.506 | ERROR    | tools.redis_tools.my_redis:check_if_connectable:133 - redis can not connect
2024-03-12 00:22:01.506 | ERROR    | tools.redis_tools.my_redis:check_if_connectable:133 - redis can not connect
2024-03-12 19:11:46.642 | ERROR    | core.verify:connection_print:86 - The target is Fastjson: VER-1224-1 connection failed
2024-03-12 19:11:46.642 | ERROR    | core.verify:connection_print:86 - The target is Fastjson: VER-1224-1 connection failed
2024-03-12 19:11:55.904 | ERROR    | core.verify:connection_print:86 - The target is Fastjson: VER-1247 connection failed
2024-03-12 19:11:55.904 | ERROR    | core.verify:connection_print:86 - The target is Fastjson: VER-1247 connection failed
2024-03-12 19:12:05.162 | ERROR    | core.verify:connection_print:86 - The target is Fastjson: VER-1262 connection failed
2024-03-12 19:12:05.162 | ERROR    | core.verify:connection_print:86 - The target is Fastjson: VER-1262 connection failed
2024-03-12 19:12:14.954 | ERROR    | core.verify:connection_print:86 - The target is Spring Data: CVE-2018-1273 connection failed
2024-03-12 19:12:14.954 | ERROR    | core.verify:connection_print:86 - The target is Spring Data: CVE-2018-1273 connection failed
2024-03-12 19:12:55.373 | ERROR    | core.verify:connection_print:86 - The target is Fastjson: VER-1224-1 connection failed
2024-03-12 19:12:55.373 | ERROR    | core.verify:connection_print:86 - The target is Fastjson: VER-1224-1 connection failed
2024-03-12 19:13:04.659 | ERROR    | core.verify:connection_print:86 - The target is Fastjson: VER-1247 connection failed
2024-03-12 19:13:04.659 | ERROR    | core.verify:connection_print:86 - The target is Fastjson: VER-1247 connection failed
2024-03-12 19:13:13.882 | ERROR    | core.verify:connection_print:86 - The target is Fastjson: VER-1262 connection failed
2024-03-12 19:13:13.882 | ERROR    | core.verify:connection_print:86 - The target is Fastjson: VER-1262 connection failed
2024-03-12 20:05:35.938 | ERROR    | interactive_node:iteractive_node:35 - connect to server failed: [WinError 10061] 由于目标计算机积极拒绝，无法连接。
2024-03-12 20:05:35.938 | ERROR    | interactive_node:iteractive_node:35 - connect to server failed: [WinError 10061] 由于目标计算机积极拒绝，无法连接。
2024-03-12 20:05:50.983 | ERROR    | interactive_node:iteractive_node:35 - connect to server failed: [WinError 10061] 由于目标计算机积极拒绝，无法连接。
2024-03-12 20:05:50.983 | ERROR    | interactive_node:iteractive_node:35 - connect to server failed: [WinError 10061] 由于目标计算机积极拒绝，无法连接。
2024-03-12 21:08:09.455 | ERROR    | interactive_node:iteractive_node:35 - connect to server failed: [WinError 10061] 由于目标计算机积极拒绝，无法连接。
2024-03-12 21:08:09.455 | ERROR    | interactive_node:iteractive_node:35 - connect to server failed: [WinError 10061] 由于目标计算机积极拒绝，无法连接。
2024-03-12 21:13:30.506 | ERROR    | core.verify:timeout_print:71 - The target is Fastjson: VER-1224-1 connection timeout
2024-03-12 21:13:30.506 | ERROR    | core.verify:timeout_print:71 - The target is Fastjson: VER-1224-1 connection timeout
2024-03-12 21:14:01.826 | ERROR    | core.verify:timeout_print:71 - The target is Fastjson: VER-1247 connection timeout
2024-03-12 21:14:01.826 | ERROR    | core.verify:timeout_print:71 - The target is Fastjson: VER-1247 connection timeout
2024-03-12 21:14:33.060 | ERROR    | core.verify:timeout_print:71 - The target is Fastjson: VER-1262 connection timeout
2024-03-12 21:14:33.060 | ERROR    | core.verify:timeout_print:71 - The target is Fastjson: VER-1262 connection timeout
2024-03-12 21:15:05.037 | ERROR    | core.verify:timeout_print:71 - The target is Spring Data: CVE-2018-1273 connection timeout
2024-03-12 21:15:05.037 | ERROR    | core.verify:timeout_print:71 - The target is Spring Data: CVE-2018-1273 connection timeout
2024-03-12 21:17:11.530 | ERROR    | core.verify:timeout_print:71 - The target is Fastjson: VER-1224-1 connection timeout
2024-03-12 21:17:11.530 | ERROR    | core.verify:timeout_print:71 - The target is Fastjson: VER-1224-1 connection timeout
2024-03-12 21:17:42.871 | ERROR    | core.verify:timeout_print:71 - The target is Fastjson: VER-1247 connection timeout
2024-03-12 21:17:42.871 | ERROR    | core.verify:timeout_print:71 - The target is Fastjson: VER-1247 connection timeout
2024-03-12 21:18:14.159 | ERROR    | core.verify:timeout_print:71 - The target is Fastjson: VER-1262 connection timeout
2024-03-12 21:18:14.159 | ERROR    | core.verify:timeout_print:71 - The target is Fastjson: VER-1262 connection timeout
2024-03-12 23:25:19.104 | ERROR    | interactive_node:iteractive_node:35 - connect to server failed: [WinError 10061] 由于目标计算机积极拒绝，无法连接。
2024-03-12 23:25:19.104 | ERROR    | interactive_node:iteractive_node:35 - connect to server failed: [WinError 10061] 由于目标计算机积极拒绝，无法连接。
2024-03-12 23:59:55.313 | ERROR    | interactive_node:iteractive_node:35 - connect to server failed: [WinError 10061] 由于目标计算机积极拒绝，无法连接。
2024-03-12 23:59:55.313 | ERROR    | interactive_node:iteractive_node:35 - connect to server failed: [WinError 10061] 由于目标计算机积极拒绝，无法连接。
2024-03-13 00:07:28.457 | ERROR    | interactive_node:iteractive_node:35 - connect to server failed: [WinError 10061] 由于目标计算机积极拒绝，无法连接。
2024-03-13 00:07:28.457 | ERROR    | interactive_node:iteractive_node:35 - connect to server failed: [WinError 10061] 由于目标计算机积极拒绝，无法连接。
